2025-04-22 15:07:39,052 - train_logreg - INFO - Starte Training und Speicherung für Zielspalte 'Fits_Topic_Code'
2025-04-22 15:07:39,052 - train_logreg - INFO - Lade Daten mit max_features=1000
2025-04-22 15:07:39,248 - train_logreg - INFO - Daten geladen: X.shape=(7645, 1000), y.shape=(7645,)
2025-04-22 15:07:39,249 - train_logreg - INFO - Starte Modelltraining
2025-04-22 15:07:39,249 - train_logreg - INFO - Starte Training des logistischen Regressionsmodells für Zielspalte 'Fits_Topic_Code'
2025-04-22 15:07:39,249 - train_logreg - INFO - Eingabe-Matrix ist sparse
2025-04-22 15:07:39,251 - train_logreg - INFO - Daten aufgeteilt: 6116 Trainingsbeispiele, 1529 Testbeispiele
2025-04-22 15:07:39,251 - train_logreg - INFO - Trainiere Modell mit Parametern: max_iter=1000, C=1.0, solver=lbfgs
2025-04-22 15:07:40,875 - train_logreg - INFO - Modelltraining abgeschlossen
2025-04-22 15:07:40,875 - train_logreg - INFO - Führe 5-fache Kreuzvalidierung durch
2025-04-22 15:07:43,729 - train_logreg - INFO - Kreuzvalidierungs-Scores: [0.8057554  0.78744277 0.79790713 0.79202093 0.81294964]
2025-04-22 15:07:43,729 - train_logreg - INFO - Mittlere CV-Accuracy: 0.7992 (±0.0092)
2025-04-22 15:07:43,735 - train_logreg - INFO - 
Ergebnisse für Zielspalte 'Fits_Topic_Code':
2025-04-22 15:07:43,735 - train_logreg - INFO - Accuracy auf dem Test-Set: 0.8012
2025-04-22 15:07:43,736 - train_logreg - INFO - Precision auf dem Test-Set: 0.8220
2025-04-22 15:07:43,736 - train_logreg - INFO - Recall auf dem Test-Set: 0.8012
2025-04-22 15:07:43,736 - train_logreg - INFO - F1 Score auf dem Test-Set: 0.8082
2025-04-22 15:07:43,736 - train_logreg - INFO - 
Klassifikationsbericht:
2025-04-22 15:07:43,736 - train_logreg - INFO - 
                   precision    recall  f1-score   support

Fits_Topic_Code_0       0.58      0.73      0.64       377
Fits_Topic_Code_1       0.90      0.83      0.86      1152

         accuracy                           0.80      1529
        macro avg       0.74      0.78      0.75      1529
     weighted avg       0.82      0.80      0.81      1529

2025-04-22 15:07:43,848 - train_logreg - INFO - Konfusionsmatrix-Visualisierung gespeichert
2025-04-22 15:07:43,848 - train_logreg - INFO - Modelltraining abgeschlossen
2025-04-22 15:07:43,850 - train_logreg - INFO - Modell erfolgreich gespeichert unter: C:\Users\alexe\PycharmProjects\PythonProject\SuppervisedLearningProject\models\logreg_Fits_Topic_Code_20250422_150743_model.pkl
2025-04-22 15:07:43,850 - train_logreg - INFO - Modell-Metadaten: {'model_type': 'LogisticRegression', 'target_column': 'Fits_Topic_Code', 'created_at': '2025-04-22T15:07:43.849859', 'python_version': '3.12.4 (tags/v3.12.4:8e8a4ba, Jun  6 2024, 19:30:16) [MSC v.1940 64 bit (AMD64)]', 'sklearn_version': 'linear_model', 'metrics': {'accuracy': 0.8011772400261609, 'precision': 0.8220357250420757, 'recall': 0.8011772400261609, 'f1': 0.8081956016185446, 'cross_val_mean': 0.7992151733158928, 'cross_val_std': 0.009202908619666644, 'test_size': 0.2, 'max_features': 1000, 'hyperparameters': {'max_iter': 1000, 'C': 1.0, 'solver': 'lbfgs'}}}
2025-04-22 15:07:43,850 - train_logreg - INFO - Modell gespeichert unter: C:\Users\alexe\PycharmProjects\PythonProject\SuppervisedLearningProject\models\logreg_Fits_Topic_Code_20250422_150743_model.pkl
2025-04-22 15:07:46,409 - train_nn - INFO - Starte Training und Speicherung für Zielspalte 'Fits_Topic_Code'
2025-04-22 15:07:46,409 - train_nn - INFO - Lade Daten mit max_features=1000
2025-04-22 15:07:46,588 - train_nn - INFO - Daten geladen: X.shape=(7645, 1000), y.shape=(7645,)
2025-04-22 15:07:46,588 - train_nn - INFO - Bereite Daten vor mit test_size=0.2, val_size=0.1, batch_size=64
2025-04-22 15:07:46,588 - train_nn - INFO - Bereite Daten vor: X.shape=(7645, 1000), y.shape=(7645,), test_size=0.2
2025-04-22 15:07:46,588 - train_nn - INFO - Gefundene Klassen: 2 ([0 1])
2025-04-22 15:07:46,593 - train_nn - INFO - Daten aufgeteilt: 5351 Train, 765 Val, 1529 Test
2025-04-22 15:07:46,593 - train_nn - INFO - Konvertiere sparse Matrix zu dense Matrix
2025-04-22 15:07:46,603 - train_nn - INFO - Standardisiere Features
2025-04-22 15:07:46,655 - train_nn - INFO - Binäre Klassifikation erkannt
2025-04-22 15:07:46,667 - train_nn - INFO - Tensoren erstellt: X_train: torch.Size([5351, 1000]), y_train: torch.Size([5351])
2025-04-22 15:07:46,667 - train_nn - INFO - DataLoader erstellt: 84 Train-Batches, 12 Val-Batches, 24 Test-Batches
2025-04-22 15:07:46,669 - train_nn - INFO - Daten vorbereitet: 84 Train-Batches, 12 Val-Batches, 24 Test-Batches
2025-04-22 15:07:46,669 - train_nn - INFO - Starte Modelltraining
2025-04-22 15:07:46,669 - train_nn - INFO - Verwende Gerät: cpu
2025-04-22 15:07:46,680 - train_nn - INFO - Modellarchitektur erstellt: input_dim=1000, hidden_dims=[128, 128], output_dim=1, multi_class=False, dropout=0.2, activation=relu, batch_norm=True
2025-04-22 15:07:46,681 - train_nn - INFO - Modell erstellt und auf cpu verschoben
2025-04-22 15:07:46,681 - train_nn - INFO - Verwende BCELoss für binäre Klassifikation
2025-04-22 15:07:47,669 - train_nn - INFO - Optimizer: Adam mit lr=0.001, weight_decay=0.0001
2025-04-22 15:07:47,670 - train_nn - INFO - Learning Rate Scheduler: ReduceLROnPlateau mit factor=0.5, patience=3
2025-04-22 15:07:47,670 - train_nn - INFO - Checkpoints werden gespeichert in: C:\Users\alexe\PycharmProjects\PythonProject\SuppervisedLearningProject\checkpoints
2025-04-22 15:07:47,670 - train_nn - INFO - Starte Training für 30 Epochen mit Early Stopping (patience=5)
2025-04-22 15:07:47,936 - train_nn - INFO - Epoche 1/30, Train-Loss: 0.4373, Val-Loss: 0.3681, Train-Acc: 0.8099, Val-Acc: 0.8405
2025-04-22 15:07:47,942 - train_nn - INFO - Bestes Modell gespeichert: C:\Users\alexe\PycharmProjects\PythonProject\SuppervisedLearningProject\checkpoints\Fits_Topic_Code_best_model.pt
2025-04-22 15:07:48,158 - train_nn - INFO - Epoche 2/30, Train-Loss: 0.2841, Val-Loss: 0.3593, Train-Acc: 0.8776, Val-Acc: 0.8418
2025-04-22 15:07:48,161 - train_nn - INFO - Bestes Modell gespeichert: C:\Users\alexe\PycharmProjects\PythonProject\SuppervisedLearningProject\checkpoints\Fits_Topic_Code_best_model.pt
2025-04-22 15:07:48,396 - train_nn - INFO - Epoche 3/30, Train-Loss: 0.2086, Val-Loss: 0.3721, Train-Acc: 0.9181, Val-Acc: 0.8405
2025-04-22 15:07:48,632 - train_nn - INFO - Epoche 4/30, Train-Loss: 0.1613, Val-Loss: 0.3891, Train-Acc: 0.9391, Val-Acc: 0.8458
2025-04-22 15:07:48,858 - train_nn - INFO - Epoche 5/30, Train-Loss: 0.1180, Val-Loss: 0.4313, Train-Acc: 0.9589, Val-Acc: 0.8510
2025-04-22 15:07:49,079 - train_nn - INFO - Epoche 6/30, Train-Loss: 0.0845, Val-Loss: 0.4657, Train-Acc: 0.9725, Val-Acc: 0.8497
2025-04-22 15:07:49,303 - train_nn - INFO - Epoche 7/30, Train-Loss: 0.0613, Val-Loss: 0.4740, Train-Acc: 0.9821, Val-Acc: 0.8444
2025-04-22 15:07:49,303 - train_nn - INFO - Early Stopping nach 7 Epochen
2025-04-22 15:07:49,303 - train_nn - INFO - Bestes Modell wiederhergestellt
2025-04-22 15:07:49,433 - train_nn - INFO - Trainingshistorie-Plot gespeichert: C:\Users\alexe\PycharmProjects\PythonProject\SuppervisedLearningProject\plots\training_history_Fits_Topic_Code_20250422_150749.png
2025-04-22 15:07:49,433 - train_nn - INFO - Evaluiere Modell auf dem Testset
2025-04-22 15:07:49,456 - train_nn - INFO - 
Finale Metriken für Zielspalte 'Fits_Topic_Code':
2025-04-22 15:07:49,456 - train_nn - INFO - Accuracy: 0.8483
2025-04-22 15:07:49,457 - train_nn - INFO - Precision: 0.8456
2025-04-22 15:07:49,457 - train_nn - INFO - Recall: 0.8483
2025-04-22 15:07:49,457 - train_nn - INFO - F1 Score: 0.8467
2025-04-22 15:07:49,460 - train_nn - INFO - 
Klassifikationsbericht:
              precision    recall  f1-score   support

     class_0       0.70      0.66      0.68       377
     class_1       0.89      0.91      0.90      1152

    accuracy                           0.85      1529
   macro avg       0.80      0.79      0.79      1529
weighted avg       0.85      0.85      0.85      1529

2025-04-22 15:07:49,544 - train_nn - INFO - Konfusionsmatrix-Visualisierung gespeichert: C:\Users\alexe\PycharmProjects\PythonProject\SuppervisedLearningProject\plots\confusion_matrix_Fits_Topic_Code_20250422_150749.png
2025-04-22 15:07:49,544 - train_nn - INFO - Modelltraining abgeschlossen
2025-04-22 15:07:49,545 - train_nn - INFO - Speichere Modell in Verzeichnis: C:\Users\alexe\PycharmProjects\PythonProject\SuppervisedLearningProject\models
2025-04-22 15:07:49,547 - train_nn - INFO - Modell mit Metadaten gespeichert unter: C:\Users\alexe\PycharmProjects\PythonProject\SuppervisedLearningProject\models\nn_Fits_Topic_Code_20250422_150749_model.pt
2025-04-22 15:07:49,547 - train_nn - INFO - Modell gespeichert unter: C:\Users\alexe\PycharmProjects\PythonProject\SuppervisedLearningProject\models\nn_Fits_Topic_Code_20250422_150749_model.pt
2025-04-22 15:07:51,850 - train_logreg - INFO - Starte Training und Speicherung für Zielspalte 'Fits_Topic_Code'
2025-04-22 15:07:51,851 - train_logreg - INFO - Lade Daten mit max_features=1000
2025-04-22 15:07:52,036 - train_logreg - INFO - Daten geladen: X.shape=(7645, 1000), y.shape=(7645,)
2025-04-22 15:07:52,036 - train_logreg - INFO - Starte Modelltraining
2025-04-22 15:07:52,036 - train_logreg - INFO - Starte Training des logistischen Regressionsmodells für Zielspalte 'Fits_Topic_Code'
2025-04-22 15:07:52,036 - train_logreg - INFO - Eingabe-Matrix ist sparse
2025-04-22 15:07:52,039 - train_logreg - INFO - Daten aufgeteilt: 6116 Trainingsbeispiele, 1529 Testbeispiele
2025-04-22 15:07:52,039 - train_logreg - INFO - Trainiere Modell mit Parametern: max_iter=1000, C=1.0, solver=lbfgs
2025-04-22 15:07:53,765 - train_logreg - INFO - Modelltraining abgeschlossen
2025-04-22 15:07:53,765 - train_logreg - INFO - Führe 5-fache Kreuzvalidierung durch
2025-04-22 15:07:56,473 - train_logreg - INFO - Kreuzvalidierungs-Scores: [0.8057554  0.78744277 0.79790713 0.79202093 0.81294964]
2025-04-22 15:07:56,473 - train_logreg - INFO - Mittlere CV-Accuracy: 0.7992 (±0.0092)
2025-04-22 15:07:56,479 - train_logreg - INFO - 
Ergebnisse für Zielspalte 'Fits_Topic_Code':
2025-04-22 15:07:56,479 - train_logreg - INFO - Accuracy auf dem Test-Set: 0.8012
2025-04-22 15:07:56,479 - train_logreg - INFO - Precision auf dem Test-Set: 0.8220
2025-04-22 15:07:56,479 - train_logreg - INFO - Recall auf dem Test-Set: 0.8012
2025-04-22 15:07:56,479 - train_logreg - INFO - F1 Score auf dem Test-Set: 0.8082
2025-04-22 15:07:56,479 - train_logreg - INFO - 
Klassifikationsbericht:
2025-04-22 15:07:56,479 - train_logreg - INFO - 
                   precision    recall  f1-score   support

Fits_Topic_Code_0       0.58      0.73      0.64       377
Fits_Topic_Code_1       0.90      0.83      0.86      1152

         accuracy                           0.80      1529
        macro avg       0.74      0.78      0.75      1529
     weighted avg       0.82      0.80      0.81      1529

2025-04-22 15:07:56,578 - train_logreg - INFO - Konfusionsmatrix-Visualisierung gespeichert
2025-04-22 15:07:56,578 - train_logreg - INFO - Modelltraining abgeschlossen
2025-04-22 15:07:56,580 - train_logreg - INFO - Modell erfolgreich gespeichert unter: C:\Users\alexe\PycharmProjects\PythonProject\SuppervisedLearningProject\models\logreg_Fits_Topic_Code_20250422_150756_model.pkl
2025-04-22 15:07:56,580 - train_logreg - INFO - Modell-Metadaten: {'model_type': 'LogisticRegression', 'target_column': 'Fits_Topic_Code', 'created_at': '2025-04-22T15:07:56.579015', 'python_version': '3.12.4 (tags/v3.12.4:8e8a4ba, Jun  6 2024, 19:30:16) [MSC v.1940 64 bit (AMD64)]', 'sklearn_version': 'linear_model', 'metrics': {'accuracy': 0.8011772400261609, 'precision': 0.8220357250420757, 'recall': 0.8011772400261609, 'f1': 0.8081956016185446, 'cross_val_mean': 0.7992151733158928, 'cross_val_std': 0.009202908619666644, 'test_size': 0.2, 'max_features': 1000, 'hyperparameters': {'max_iter': 1000, 'C': 1.0, 'solver': 'lbfgs'}}}
2025-04-22 15:07:56,580 - train_logreg - INFO - Modell gespeichert unter: C:\Users\alexe\PycharmProjects\PythonProject\SuppervisedLearningProject\models\logreg_Fits_Topic_Code_20250422_150756_model.pkl
2025-04-22 15:07:56,580 - train_nn - INFO - Starte Training und Speicherung für Zielspalte 'Fits_Topic_Code'
2025-04-22 15:07:56,580 - train_nn - INFO - Lade Daten mit max_features=1000
2025-04-22 15:07:56,580 - train_nn - INFO - Daten geladen: X.shape=(7645, 1000), y.shape=(7645,)
2025-04-22 15:07:56,580 - train_nn - INFO - Bereite Daten vor mit test_size=0.2, val_size=0.1, batch_size=64
2025-04-22 15:07:56,580 - train_nn - INFO - Bereite Daten vor: X.shape=(7645, 1000), y.shape=(7645,), test_size=0.2
2025-04-22 15:07:56,580 - train_nn - INFO - Gefundene Klassen: 2 ([0 1])
2025-04-22 15:07:56,586 - train_nn - INFO - Daten aufgeteilt: 5351 Train, 765 Val, 1529 Test
2025-04-22 15:07:56,586 - train_nn - INFO - Konvertiere sparse Matrix zu dense Matrix
2025-04-22 15:07:56,594 - train_nn - INFO - Standardisiere Features
2025-04-22 15:07:56,643 - train_nn - INFO - Binäre Klassifikation erkannt
2025-04-22 15:07:56,648 - train_nn - INFO - Tensoren erstellt: X_train: torch.Size([5351, 1000]), y_train: torch.Size([5351])
2025-04-22 15:07:56,649 - train_nn - INFO - DataLoader erstellt: 84 Train-Batches, 12 Val-Batches, 24 Test-Batches
2025-04-22 15:07:56,650 - train_nn - INFO - Daten vorbereitet: 84 Train-Batches, 12 Val-Batches, 24 Test-Batches
2025-04-22 15:07:56,650 - train_nn - INFO - Starte Modelltraining
2025-04-22 15:07:56,650 - train_nn - INFO - Verwende Gerät: cpu
2025-04-22 15:07:56,652 - train_nn - INFO - Modellarchitektur erstellt: input_dim=1000, hidden_dims=[128, 128], output_dim=1, multi_class=False, dropout=0.2, activation=relu, batch_norm=True
2025-04-22 15:07:56,652 - train_nn - INFO - Modell erstellt und auf cpu verschoben
2025-04-22 15:07:56,652 - train_nn - INFO - Verwende BCELoss für binäre Klassifikation
2025-04-22 15:07:57,246 - train_nn - INFO - Optimizer: Adam mit lr=0.001, weight_decay=0.0001
2025-04-22 15:07:57,247 - train_nn - INFO - Learning Rate Scheduler: ReduceLROnPlateau mit factor=0.5, patience=3
2025-04-22 15:07:57,247 - train_nn - INFO - Checkpoints werden gespeichert in: C:\Users\alexe\PycharmProjects\PythonProject\SuppervisedLearningProject\checkpoints
2025-04-22 15:07:57,247 - train_nn - INFO - Starte Training für 30 Epochen mit Early Stopping (patience=5)
2025-04-22 15:07:57,483 - train_nn - INFO - Epoche 1/30, Train-Loss: 0.4890, Val-Loss: 0.3728, Train-Acc: 0.7720, Val-Acc: 0.8497
2025-04-22 15:07:57,486 - train_nn - INFO - Bestes Modell gespeichert: C:\Users\alexe\PycharmProjects\PythonProject\SuppervisedLearningProject\checkpoints\Fits_Topic_Code_best_model.pt
2025-04-22 15:07:57,713 - train_nn - INFO - Epoche 2/30, Train-Loss: 0.2866, Val-Loss: 0.3644, Train-Acc: 0.8787, Val-Acc: 0.8444
2025-04-22 15:07:57,716 - train_nn - INFO - Bestes Modell gespeichert: C:\Users\alexe\PycharmProjects\PythonProject\SuppervisedLearningProject\checkpoints\Fits_Topic_Code_best_model.pt
2025-04-22 15:07:57,932 - train_nn - INFO - Epoche 3/30, Train-Loss: 0.2188, Val-Loss: 0.3790, Train-Acc: 0.9127, Val-Acc: 0.8418
2025-04-22 15:07:58,150 - train_nn - INFO - Epoche 4/30, Train-Loss: 0.1642, Val-Loss: 0.3976, Train-Acc: 0.9385, Val-Acc: 0.8392
2025-04-22 15:07:58,368 - train_nn - INFO - Epoche 5/30, Train-Loss: 0.1143, Val-Loss: 0.4310, Train-Acc: 0.9611, Val-Acc: 0.8340
2025-04-22 15:07:58,595 - train_nn - INFO - Epoche 6/30, Train-Loss: 0.0884, Val-Loss: 0.4629, Train-Acc: 0.9720, Val-Acc: 0.8405
2025-04-22 15:07:58,814 - train_nn - INFO - Epoche 7/30, Train-Loss: 0.0679, Val-Loss: 0.4833, Train-Acc: 0.9798, Val-Acc: 0.8379
2025-04-22 15:07:58,814 - train_nn - INFO - Early Stopping nach 7 Epochen
2025-04-22 15:07:58,814 - train_nn - INFO - Bestes Modell wiederhergestellt
2025-04-22 15:07:58,927 - train_nn - INFO - Trainingshistorie-Plot gespeichert: C:\Users\alexe\PycharmProjects\PythonProject\SuppervisedLearningProject\plots\training_history_Fits_Topic_Code_20250422_150758.png
2025-04-22 15:07:58,927 - train_nn - INFO - Evaluiere Modell auf dem Testset
2025-04-22 15:07:58,958 - train_nn - INFO - 
Finale Metriken für Zielspalte 'Fits_Topic_Code':
2025-04-22 15:07:58,958 - train_nn - INFO - Accuracy: 0.8411
2025-04-22 15:07:58,958 - train_nn - INFO - Precision: 0.8366
2025-04-22 15:07:58,958 - train_nn - INFO - Recall: 0.8411
2025-04-22 15:07:58,958 - train_nn - INFO - F1 Score: 0.8382
2025-04-22 15:07:58,962 - train_nn - INFO - 
Klassifikationsbericht:
              precision    recall  f1-score   support

     class_0       0.70      0.63      0.66       377
     class_1       0.88      0.91      0.90      1152

    accuracy                           0.84      1529
   macro avg       0.79      0.77      0.78      1529
weighted avg       0.84      0.84      0.84      1529

2025-04-22 15:07:59,045 - train_nn - INFO - Konfusionsmatrix-Visualisierung gespeichert: C:\Users\alexe\PycharmProjects\PythonProject\SuppervisedLearningProject\plots\confusion_matrix_Fits_Topic_Code_20250422_150758.png
2025-04-22 15:07:59,045 - train_nn - INFO - Modelltraining abgeschlossen
2025-04-22 15:07:59,045 - train_nn - INFO - Speichere Modell in Verzeichnis: C:\Users\alexe\PycharmProjects\PythonProject\SuppervisedLearningProject\models
2025-04-22 15:07:59,046 - train_nn - INFO - Modell mit Metadaten gespeichert unter: C:\Users\alexe\PycharmProjects\PythonProject\SuppervisedLearningProject\models\nn_Fits_Topic_Code_20250422_150759_model.pt
2025-04-22 15:07:59,047 - train_nn - INFO - Modell gespeichert unter: C:\Users\alexe\PycharmProjects\PythonProject\SuppervisedLearningProject\models\nn_Fits_Topic_Code_20250422_150759_model.pt
2025-04-22 15:37:27,354 - train_logreg - INFO - Starte Training und Speicherung für Zielspalte 'Fits_Topic_Code'
2025-04-22 15:37:27,354 - train_logreg - INFO - Lade Daten mit max_features=1000
2025-04-22 15:37:27,511 - train_logreg - INFO - Daten geladen: X.shape=(7645, 1000), y.shape=(7645,)
2025-04-22 15:37:27,511 - train_logreg - INFO - Starte Modelltraining
2025-04-22 15:37:27,511 - train_logreg - INFO - Starte Training des logistischen Regressionsmodells für Zielspalte 'Fits_Topic_Code'
2025-04-22 15:37:27,511 - train_logreg - INFO - Eingabe-Matrix ist sparse
2025-04-22 15:37:27,514 - train_logreg - INFO - Daten aufgeteilt: 6116 Trainingsbeispiele, 1529 Testbeispiele
2025-04-22 15:37:27,514 - train_logreg - INFO - Trainiere Modell mit Parametern: max_iter=1000, C=1.0, solver=lbfgs
2025-04-22 15:37:29,210 - train_logreg - INFO - Modelltraining abgeschlossen
2025-04-22 15:37:29,210 - train_logreg - INFO - Führe 5-fache Kreuzvalidierung durch
2025-04-22 15:37:31,974 - train_logreg - INFO - Kreuzvalidierungs-Scores: [0.8057554  0.78744277 0.79790713 0.79202093 0.81294964]
2025-04-22 15:37:31,975 - train_logreg - INFO - Mittlere CV-Accuracy: 0.7992 (±0.0092)
2025-04-22 15:37:31,982 - train_logreg - INFO - 
Ergebnisse für Zielspalte 'Fits_Topic_Code':
2025-04-22 15:37:31,982 - train_logreg - INFO - Accuracy auf dem Test-Set: 0.8012
2025-04-22 15:37:31,982 - train_logreg - INFO - Precision auf dem Test-Set: 0.8220
2025-04-22 15:37:31,982 - train_logreg - INFO - Recall auf dem Test-Set: 0.8012
2025-04-22 15:37:31,982 - train_logreg - INFO - F1 Score auf dem Test-Set: 0.8082
2025-04-22 15:37:31,982 - train_logreg - INFO - 
Klassifikationsbericht:
2025-04-22 15:37:31,982 - train_logreg - INFO - 
                   precision    recall  f1-score   support

Fits_Topic_Code_0       0.58      0.73      0.64       377
Fits_Topic_Code_1       0.90      0.83      0.86      1152

         accuracy                           0.80      1529
        macro avg       0.74      0.78      0.75      1529
     weighted avg       0.82      0.80      0.81      1529

2025-04-22 15:37:32,109 - train_logreg - INFO - Konfusionsmatrix-Visualisierung gespeichert
2025-04-22 15:37:32,109 - train_logreg - INFO - Modelltraining abgeschlossen
2025-04-22 15:37:32,111 - train_logreg - INFO - Modell erfolgreich gespeichert unter: C:\Users\alexe\PycharmProjects\PythonProject\SuppervisedLearningProject\models\logreg_Fits_Topic_Code_20250422_153732_model.pkl
2025-04-22 15:37:32,111 - train_logreg - INFO - Modell-Metadaten: {'model_type': 'LogisticRegression', 'target_column': 'Fits_Topic_Code', 'created_at': '2025-04-22T15:37:32.109954', 'python_version': '3.12.4 (tags/v3.12.4:8e8a4ba, Jun  6 2024, 19:30:16) [MSC v.1940 64 bit (AMD64)]', 'sklearn_version': 'linear_model', 'metrics': {'accuracy': 0.8011772400261609, 'precision': 0.8220357250420757, 'recall': 0.8011772400261609, 'f1': 0.8081956016185446, 'cross_val_mean': 0.7992151733158928, 'cross_val_std': 0.009202908619666644, 'test_size': 0.2, 'max_features': 1000, 'hyperparameters': {'max_iter': 1000, 'C': 1.0, 'solver': 'lbfgs'}}}
2025-04-22 15:37:32,111 - train_logreg - INFO - Modell gespeichert unter: C:\Users\alexe\PycharmProjects\PythonProject\SuppervisedLearningProject\models\logreg_Fits_Topic_Code_20250422_153732_model.pkl
2025-04-22 18:52:48,871 - train_logreg - INFO - Starte Training und Speicherung für Zielspalte 'Fits_Topic_Code'
2025-04-22 18:52:48,871 - train_logreg - INFO - Lade Daten mit max_features=1000
2025-04-22 18:52:49,023 - train_logreg - INFO - Daten geladen: X.shape=(7645, 1000), y.shape=(7645,)
2025-04-22 18:52:49,023 - train_logreg - INFO - Starte Modelltraining
2025-04-22 18:52:49,023 - train_logreg - INFO - Starte Training des logistischen Regressionsmodells für Zielspalte 'Fits_Topic_Code'
2025-04-22 18:52:49,023 - train_logreg - INFO - Eingabe-Matrix ist sparse
2025-04-22 18:52:49,025 - train_logreg - INFO - Daten aufgeteilt: 6116 Trainingsbeispiele, 1529 Testbeispiele
2025-04-22 18:52:49,025 - train_logreg - INFO - Trainiere Modell mit Parametern: max_iter=1000, C=1.0, solver=lbfgs
2025-04-22 18:52:50,806 - train_logreg - INFO - Modelltraining abgeschlossen
2025-04-22 18:52:50,806 - train_logreg - INFO - Führe 5-fache Kreuzvalidierung durch
2025-04-22 18:52:53,553 - train_logreg - INFO - Kreuzvalidierungs-Scores: [0.8057554  0.78744277 0.79790713 0.79202093 0.81294964]
2025-04-22 18:52:53,553 - train_logreg - INFO - Mittlere CV-Accuracy: 0.7992 (±0.0092)
2025-04-22 18:52:53,563 - train_logreg - INFO - 
Ergebnisse für Zielspalte 'Fits_Topic_Code':
2025-04-22 18:52:53,563 - train_logreg - INFO - Accuracy auf dem Test-Set: 0.8012
2025-04-22 18:52:53,563 - train_logreg - INFO - Precision auf dem Test-Set: 0.8220
2025-04-22 18:52:53,563 - train_logreg - INFO - Recall auf dem Test-Set: 0.8012
2025-04-22 18:52:53,563 - train_logreg - INFO - F1 Score auf dem Test-Set: 0.8082
2025-04-22 18:52:53,563 - train_logreg - INFO - 
Klassifikationsbericht:
2025-04-22 18:52:53,563 - train_logreg - INFO - 
                   precision    recall  f1-score   support

Fits_Topic_Code_0       0.58      0.73      0.64       377
Fits_Topic_Code_1       0.90      0.83      0.86      1152

         accuracy                           0.80      1529
        macro avg       0.74      0.78      0.75      1529
     weighted avg       0.82      0.80      0.81      1529

2025-04-22 18:52:53,693 - train_logreg - INFO - Konfusionsmatrix-Visualisierung gespeichert
2025-04-22 18:52:53,693 - train_logreg - INFO - Modelltraining abgeschlossen
2025-04-22 18:52:53,694 - train_logreg - INFO - Modell erfolgreich gespeichert unter: C:\Users\alexe\PycharmProjects\PythonProject\SuppervisedLearningProject\models\logreg_Fits_Topic_Code_20250422_185253_model.pkl
2025-04-22 18:52:53,694 - train_logreg - INFO - Modell-Metadaten: {'model_type': 'LogisticRegression', 'target_column': 'Fits_Topic_Code', 'created_at': '2025-04-22T18:52:53.693764', 'python_version': '3.12.4 (tags/v3.12.4:8e8a4ba, Jun  6 2024, 19:30:16) [MSC v.1940 64 bit (AMD64)]', 'sklearn_version': 'linear_model', 'metrics': {'accuracy': 0.8011772400261609, 'precision': 0.8220357250420757, 'recall': 0.8011772400261609, 'f1': 0.8081956016185446, 'cross_val_mean': 0.7992151733158928, 'cross_val_std': 0.009202908619666644, 'test_size': 0.2, 'max_features': 1000, 'hyperparameters': {'max_iter': 1000, 'C': 1.0, 'solver': 'lbfgs'}}}
2025-04-22 18:52:53,694 - train_logreg - INFO - Modell gespeichert unter: C:\Users\alexe\PycharmProjects\PythonProject\SuppervisedLearningProject\models\logreg_Fits_Topic_Code_20250422_185253_model.pkl
